


maymark.nl: 2014-06-01 01:59:30 [initialization] application restarted
maymark.nl: 2014-06-01 01:59:30 [initialization] table users already exists
maymark.nl: 2014-06-01 01:59:31 [access] ip: 66.249.66.170, browser --> www.maymark.nl/



maymark.nl: 2014-06-01 03:43:02 [initialization] application restarted
maymark.nl: 2014-06-01 03:43:02 [initialization] table users already exists
maymark.nl: 2014-06-01 03:43:02 [access] ip: 66.249.66.170, browser --> www.maymark.nl/prijslijst.html
maymark.nl: 2014-06-01 04:10:09 [access] ip: 66.249.66.170, browser --> www.maymark.nl/specials.html



maymark.nl: 2014-06-01 05:18:55 [initialization] application restarted
maymark.nl: 2014-06-01 05:18:55 [initialization] table users already exists
maymark.nl: 2014-06-01 05:18:55 [access] ip: 66.249.78.68, browser --> www.maymark.nl/contact.html



maymark.nl: 2014-06-03 08:20:15 [initialization] application restarted
maymark.nl: 2014-06-03 08:20:15 [initialization] table users already exists
maymark.nl: 2014-06-03 08:20:16 [access] ip: 199.30.20.13, browser --> www.maymark.nl/



maymark.nl: 2014-06-05 08:46:30 [initialization] application restarted
maymark.nl: 2014-06-05 08:46:30 [initialization] table users already exists
maymark.nl: 2014-06-05 08:46:30 [access] ip: 176.9.50.42, browser --> www.maymark.nl/



maymark.nl: 2014-06-05 08:46:30 [initialization] application restarted
maymark.nl: 2014-06-05 08:46:30 [initialization] table users already exists
maymark.nl: 2014-06-05 08:46:30 [access] ip: 176.9.50.42, browser --> www.maymark.eu/



maymark.nl: 2014-06-06 19:02:22 [initialization] application restarted
maymark.nl: 2014-06-06 19:02:22 [initialization] table users already exists
maymark.nl: 2014-06-06 19:02:22 [access] ip: 66.249.66.170, browser --> www.maymark.nl/



maymark.nl: 2014-06-07 01:55:55 [initialization] application restarted
maymark.nl: 2014-06-07 01:55:55 [initialization] table users already exists
maymark.nl: 2014-06-07 01:55:55 [access] ip: 194.150.14.140, browser --> www.maymark.nl/



maymark.nl: 2014-06-08 07:10:23 [initialization] application restarted
maymark.nl: 2014-06-08 07:10:23 [initialization] table users already exists
maymark.nl: 2014-06-08 07:10:24 [access] ip: 64.246.165.180, http://whois.domaintools.com/maymark.nl --> www.maymark.nl/



maymark.nl: 2014-06-08 08:11:39 [initialization] application restarted
maymark.nl: 2014-06-08 08:11:39 [initialization] table users already exists
maymark.nl: 2014-06-08 08:11:39 [access] ip: 64.246.165.170, http://whois.domaintools.com/maymark.eu --> www.maymark.eu/



maymark.nl: 2014-06-09 01:58:21 [initialization] application restarted
maymark.nl: 2014-06-09 01:58:21 [initialization] table users already exists
maymark.nl: 2014-06-09 01:58:21 [access] ip: 66.249.70.170, browser --> www.maymark.nl/



maymark.nl: 2014-06-09 12:11:07 [initialization] application restarted
maymark.nl: 2014-06-09 12:11:07 [initialization] table users already exists
maymark.nl: 2014-06-09 12:11:58 [access] ip: , http://whois.domaintools.com/maymark.nl --> www.maymark.nl/



maymark.nl: 2014-06-11 15:07:20 [initialization] application restarted
maymark.nl: 2014-06-11 15:07:20 [initialization] table users already exists
maymark.nl: 2014-06-11 15:07:23 [access] ip: 157.55.39.233, browser --> www.maymark.nl/contact.html



maymark.nl: 2014-06-13 01:22:16 [initialization] application restarted
maymark.nl: 2014-06-13 01:22:16 [initialization] table users already exists
maymark.nl: 2014-06-13 01:22:23 [access] ip: 157.55.39.140, browser --> www.maymark.nl/specials.html



maymark.nl: 2014-06-14 12:07:43 [initialization] application restarted
maymark.nl: 2014-06-14 12:07:43 [initialization] table users already exists



maymark.nl: 2014-06-16 21:31:26 [initialization] application restarted
maymark.nl: 2014-06-16 21:31:26 [initialization] table users already exists
maymark.nl: 2014-06-16 21:31:26 [access] ip: 194.150.14.140, browser --> www.maymark.nl/prijslijst.html



maymark.nl: 2014-06-17 08:00:44 [initialization] application restarted
maymark.nl: 2014-06-17 08:00:44 [initialization] table users already exists
maymark.nl: 2014-06-17 08:00:44 [access] ip: 66.249.64.125, browser --> www.maymark.nl/



maymark.nl: 2014-06-17 15:33:17 [initialization] application restarted
maymark.nl: 2014-06-17 15:33:17 [initialization] table users already exists
maymark.nl: 2014-06-17 15:33:17 [access] ip: 66.249.64.125, browser --> www.maymark.nl/



maymark.nl: 2014-06-19 13:14:28 [initialization] application restarted
maymark.nl: 2014-06-19 13:14:28 [initialization] table users already exists
maymark.nl: 2014-06-19 13:14:28 [access] ip: 66.249.64.135, browser --> www.maymark.nl/prijslijst.html
maymark.nl: 2014-06-19 14:04:58 [access] ip: 66.249.64.125, browser --> www.maymark.nl/specials.html
maymark.nl: 2014-06-19 15:46:19 [access] ip: 66.249.64.130, browser --> www.maymark.nl/
maymark.nl: 2014-06-19 16:54:55 [access] ip: 95.211.134.37, browser --> www.maymark.nl/



maymark.nl: 2014-06-19 22:25:32 [initialization] application restarted
maymark.nl: 2014-06-19 22:25:32 [initialization] table users already exists
maymark.nl: 2014-06-19 22:25:32 [access] ip: 66.249.64.130, browser --> www.maymark.nl/contact.html



maymark.nl: 2014-06-20 00:29:58 [initialization] application restarted
maymark.nl: 2014-06-20 00:29:58 [initialization] table users already exists
maymark.nl: 2014-06-20 00:29:58 [access] ip: 66.249.64.125, browser --> www.maymark.nl/prijslijst.html



maymark.nl: 2014-06-20 02:45:45 [initialization] application restarted
maymark.nl: 2014-06-20 02:45:45 [initialization] table users already exists
maymark.nl: 2014-06-20 02:45:45 [access] ip: 66.249.64.125, browser --> www.maymark.nl/specials.html



maymark.nl: 2014-06-20 09:15:15 [initialization] application restarted
maymark.nl: 2014-06-20 09:15:16 [initialization] table users already exists
maymark.nl: 2014-06-20 09:15:16 [access] ip: 216.145.14.142, http://whois.domaintools.com/maymark.eu --> www.maymark.eu/



maymark.nl: 2014-06-20 09:17:43 [initialization] application restarted
maymark.nl: 2014-06-20 09:17:43 [initialization] table users already exists
maymark.nl: 2014-06-20 09:17:43 [access] ip: 216.145.17.190, http://whois.domaintools.com/maymark.nl --> www.maymark.nl/
maymark.nl: 2014-06-20 13:49:30 [access] ip: 157.55.39.131, browser --> www.maymark.nl/prijslijst.html



maymark.nl: 2014-06-21 01:27:44 [initialization] application restarted
maymark.nl: 2014-06-21 01:27:44 [initialization] table users already exists
maymark.nl: 2014-06-21 01:27:44 [access] ip: 157.55.39.131, browser --> www.maymark.nl/



maymark.nl: 2014-06-21 06:45:33 [initialization] application restarted
maymark.nl: 2014-06-21 06:45:33 [initialization] table users already exists
maymark.nl: 2014-06-21 06:45:33 [access] ip: 62.12.1.39, browser --> www.maymark.nl/



maymark.nl: 2014-06-21 08:57:07 [initialization] application restarted
maymark.nl: 2014-06-21 08:57:07 [initialization] table users already exists
maymark.nl: 2014-06-21 08:57:07 [access] ip: 66.249.64.135, browser --> www.maymark.nl/specials.html



maymark.nl: 2014-06-21 10:16:07 [initialization] application restarted
maymark.nl: 2014-06-21 10:16:07 [initialization] table users already exists
maymark.nl: 2014-06-21 10:16:07 [access] ip: 66.249.64.135, browser --> www.maymark.nl/prijslijst.html



maymark.nl: 2014-06-21 10:59:40 [initialization] application restarted
maymark.nl: 2014-06-21 10:59:40 [initialization] table users already exists
maymark.nl: 2014-06-21 10:59:40 [access] ip: 194.150.14.140, browser --> www.maymark.nl/contact.html



maymark.nl: 2014-06-21 11:45:21 [initialization] application restarted
maymark.nl: 2014-06-21 11:45:21 [initialization] table users already exists
maymark.nl: 2014-06-21 11:45:21 [access] ip: 66.249.64.125, browser --> www.maymark.nl/contact.html



maymark.nl: 2014-06-21 13:10:06 [initialization] application restarted
maymark.nl: 2014-06-21 13:10:06 [initialization] table users already exists
maymark.nl: 2014-06-21 13:10:06 [access] ip: 66.249.67.25, browser --> www.maymark.nl/



maymark.nl: 2014-06-21 17:49:16 [initialization] application restarted
maymark.nl: 2014-06-21 17:49:16 [initialization] table users already exists
maymark.nl: 2014-06-21 17:49:16 [access] ip: 66.249.67.25, browser --> www.maymark.nl/specials.html



maymark.nl: 2014-06-21 19:46:14 [initialization] application restarted
maymark.nl: 2014-06-21 19:46:14 [initialization] table users already exists
maymark.nl: 2014-06-21 19:46:14 [access] ip: 66.249.67.25, browser --> www.maymark.nl/prijslijst.html
maymark.nl: 2014-06-21 20:06:40 [access] ip: 66.249.67.12, browser --> www.maymark.nl/contact.html



maymark.nl: 2014-06-22 13:55:38 [initialization] application restarted
maymark.nl: 2014-06-22 13:55:38 [initialization] table users already exists
maymark.nl: 2014-06-22 13:55:38 [access] ip: 66.249.67.12, browser --> www.maymark.nl/



maymark.nl: 2014-06-22 15:03:10 [initialization] application restarted
maymark.nl: 2014-06-22 15:03:10 [initialization] table users already exists
maymark.nl: 2014-06-22 15:03:10 [access] ip: 66.249.67.12, browser --> www.maymark.nl/prijslijst.html
maymark.nl: 2014-06-22 15:51:56 [access] ip: 66.249.64.130, browser --> www.maymark.nl/specials.html
maymark.nl: 2014-06-22 17:11:06 [access] ip: 66.249.64.125, browser --> www.maymark.nl/contact.html



maymark.nl: 2014-06-22 23:03:54 [initialization] application restarted
maymark.nl: 2014-06-22 23:03:54 [initialization] table users already exists
maymark.nl: 2014-06-22 23:03:54 [access] ip: 66.249.64.125, browser --> www.maymark.nl/specials.html



maymark.nl: 2014-06-24 05:57:24 [initialization] application restarted
maymark.nl: 2014-06-24 05:57:24 [initialization] table users already exists
maymark.nl: 2014-06-24 05:57:52 [access] ip: 157.55.39.55, browser --> www.maymark.nl/index.html



maymark.nl: 2014-06-24 08:59:32 [initialization] application restarted
maymark.nl: 2014-06-24 08:59:32 [initialization] table users already exists



maymark.nl: 2014-06-24 15:51:24 [initialization] application restarted
maymark.nl: 2014-06-24 15:51:24 [initialization] table users already exists



maymark.nl: 2014-06-28 18:38:11 [initialization] application restarted
maymark.nl: 2014-06-28 18:38:11 [initialization] table users already exists
maymark.nl: 2014-06-28 18:38:11 [access] ip: 66.249.64.135, browser --> www.maymark.nl/



maymark.nl: 2014-06-29 06:26:43 [initialization] application restarted
maymark.nl: 2014-06-29 06:26:43 [initialization] table users already exists
maymark.nl: 2014-06-29 06:26:43 [access] ip: 194.150.14.140, browser --> www.maymark.nl/specials.html



maymark.nl: 2014-06-29 17:58:29 [initialization] application restarted
maymark.nl: 2014-06-29 17:58:29 [initialization] table users already exists
maymark.nl: 2014-06-29 18:08:17 [access] ip: 157.55.39.181, browser --> www.maymark.nl/specials.html



maymark.nl: 2014-06-30 22:52:41 [initialization] application restarted
maymark.nl: 2014-06-30 22:52:41 [initialization] table users already exists
maymark.nl: 2014-06-30 22:52:41 [access] ip: 66.249.64.130, browser --> www.maymark.nl/
