


maymark.nl: 2014-07-02 02:06:21 [initialization] application restarted
maymark.nl: 2014-07-02 02:06:21 [initialization] table users already exists
maymark.nl: 2014-07-02 02:06:21 [access] ip: 54.202.200.135, http://www.soko-alkohol.at --> www.maymark.nl/



maymark.nl: 2014-07-02 10:30:03 [initialization] application restarted
maymark.nl: 2014-07-02 10:30:03 [initialization] table users already exists
maymark.nl: 2014-07-02 10:30:03 [access] ip: 216.145.5.42, http://whois.domaintools.com/maymark.eu --> www.maymark.eu/



maymark.nl: 2014-07-02 11:10:14 [initialization] application restarted
maymark.nl: 2014-07-02 11:10:14 [initialization] table users already exists
maymark.nl: 2014-07-02 11:10:14 [access] ip: 216.145.11.94, http://whois.domaintools.com/maymark.nl --> www.maymark.nl/



maymark.nl: 2014-07-03 16:15:18 [initialization] application restarted
maymark.nl: 2014-07-03 16:15:18 [initialization] table users already exists
maymark.nl: 2014-07-03 16:15:18 [access] ip: 66.249.64.135, browser --> www.maymark.nl/specials.html



maymark.nl: 2014-07-03 17:29:53 [initialization] application restarted
maymark.nl: 2014-07-03 17:29:54 [initialization] table users already exists
maymark.nl: 2014-07-03 17:29:54 [access] ip: 66.249.64.125, browser --> www.maymark.nl/



maymark.nl: 2014-07-03 18:19:27 [initialization] application restarted
maymark.nl: 2014-07-03 18:19:27 [initialization] table users already exists
maymark.nl: 2014-07-03 18:19:27 [access] ip: 66.249.64.130, browser --> www.maymark.nl/contact.html



maymark.nl: 2014-07-03 19:29:19 [initialization] application restarted
maymark.nl: 2014-07-03 19:29:19 [initialization] table users already exists
maymark.nl: 2014-07-03 19:29:19 [access] ip: 66.249.64.135, browser --> www.maymark.nl/prijslijst.html



maymark.nl: 2014-07-04 04:04:09 [initialization] application restarted
maymark.nl: 2014-07-04 04:04:09 [initialization] table users already exists
maymark.nl: 2014-07-04 04:04:09 [access] ip: 66.249.64.135, browser --> www.maymark.nl/specials.html



maymark.nl: 2014-07-04 05:59:45 [initialization] application restarted
maymark.nl: 2014-07-04 05:59:45 [initialization] table users already exists
maymark.nl: 2014-07-04 05:59:45 [access] ip: 66.249.64.135, browser --> www.maymark.nl/



maymark.nl: 2014-07-04 06:38:19 [initialization] application restarted
maymark.nl: 2014-07-04 06:38:19 [initialization] table users already exists
maymark.nl: 2014-07-04 06:38:19 [access] ip: 66.249.76.86, browser --> www.maymark.nl/contact.html



maymark.nl: 2014-07-04 07:58:51 [initialization] application restarted
maymark.nl: 2014-07-04 07:58:51 [initialization] table users already exists
maymark.nl: 2014-07-04 07:58:51 [access] ip: 66.249.64.135, browser --> www.maymark.nl/prijslijst.html



maymark.nl: 2014-07-05 02:12:19 [initialization] application restarted
maymark.nl: 2014-07-05 02:12:19 [initialization] table users already exists
maymark.nl: 2014-07-05 02:12:19 [access] ip: 66.249.64.125, browser --> www.maymark.nl/contact.html



maymark.nl: 2014-07-05 04:24:01 [initialization] application restarted
maymark.nl: 2014-07-05 04:24:01 [initialization] table users already exists
maymark.nl: 2014-07-05 04:24:01 [access] ip: 66.249.64.125, browser --> www.maymark.nl/specials.html



maymark.nl: 2014-07-05 05:57:31 [initialization] application restarted
maymark.nl: 2014-07-05 05:57:31 [initialization] table users already exists
maymark.nl: 2014-07-05 05:57:31 [access] ip: 66.249.64.130, browser --> www.maymark.nl/prijslijst.html



maymark.nl: 2014-07-05 06:58:54 [initialization] application restarted
maymark.nl: 2014-07-05 06:58:54 [initialization] table users already exists
maymark.nl: 2014-07-05 06:58:54 [access] ip: 66.249.64.135, browser --> www.maymark.nl/



maymark.nl: 2014-07-05 09:31:14 [initialization] application restarted
maymark.nl: 2014-07-05 09:31:14 [initialization] table users already exists
maymark.nl: 2014-07-05 09:31:14 [access] ip: 66.249.64.125, browser --> www.maymark.nl/specials.html
maymark.nl: 2014-07-05 10:55:35 [access] ip: 66.249.64.125, browser --> www.maymark.nl/prijslijst.html



maymark.nl: 2014-07-05 12:20:37 [initialization] application restarted
maymark.nl: 2014-07-05 12:20:37 [initialization] table users already exists
maymark.nl: 2014-07-05 12:20:37 [access] ip: 66.249.64.130, browser --> www.maymark.nl/



maymark.nl: 2014-07-06 15:06:48 [initialization] application restarted
maymark.nl: 2014-07-06 15:06:48 [initialization] table users already exists



maymark.nl: 2014-07-07 02:31:58 [initialization] application restarted
maymark.nl: 2014-07-07 02:31:58 [initialization] table users already exists



maymark.nl: 2014-07-07 08:43:34 [initialization] application restarted
maymark.nl: 2014-07-07 08:43:34 [initialization] table users already exists
maymark.nl: 2014-07-07 08:47:40 [access] ip: 157.55.39.51, browser --> www.maymark.nl/prijslijst.html



maymark.nl: 2014-07-07 11:46:07 [initialization] application restarted
maymark.nl: 2014-07-07 11:46:07 [initialization] table users already exists
maymark.nl: 2014-07-07 11:46:07 [access] ip: 157.55.39.51, browser --> www.maymark.nl/



maymark.nl: 2014-07-09 03:19:58 [initialization] application restarted
maymark.nl: 2014-07-09 03:19:58 [initialization] table users already exists



maymark.nl: 2014-07-10 00:13:02 [initialization] application restarted
maymark.nl: 2014-07-10 00:13:02 [initialization] table users already exists
maymark.nl: 2014-07-10 00:13:02 [access] ip: 88.198.110.130, browser --> www.maymark.eu/



maymark.nl: 2014-07-11 01:01:29 [initialization] application restarted
maymark.nl: 2014-07-11 01:01:29 [initialization] table users already exists
maymark.nl: 2014-07-11 01:01:29 [access] ip: 66.249.73.86, browser --> www.maymark.nl/



maymark.nl: 2014-07-11 02:19:15 [initialization] application restarted
maymark.nl: 2014-07-11 02:19:15 [initialization] table users already exists
maymark.nl: 2014-07-11 02:20:20 [access] ip: 157.55.39.118, browser --> www.maymark.nl/index.html



maymark.nl: 2014-07-11 11:44:37 [initialization] application restarted
maymark.nl: 2014-07-11 11:44:37 [initialization] table users already exists
maymark.nl: 2014-07-11 11:44:37 [access] ip: 66.249.69.73, browser --> www.maymark.nl/prijslijst.html



maymark.nl: 2014-07-11 21:55:41 [initialization] application restarted
maymark.nl: 2014-07-11 21:55:41 [initialization] table users already exists
maymark.nl: 2014-07-11 21:55:56 [access] ip: 62.207.254.158, browser --> www.maymark.nl/
maymark.nl: 2014-07-11 21:55:58 [access] ip: 62.207.254.158, http://www.maymark.nl/ --> www.maymark.nl/contact.html



maymark.nl: 2014-07-13 03:22:21 [initialization] application restarted
maymark.nl: 2014-07-13 03:22:21 [initialization] table users already exists
maymark.nl: 2014-07-13 03:22:21 [access] ip: 66.249.69.56, browser --> www.maymark.nl/



maymark.nl: 2014-07-13 07:31:30 [initialization] application restarted
maymark.nl: 2014-07-13 07:31:30 [initialization] table users already exists
maymark.nl: 2014-07-13 07:31:30 [access] ip: 66.249.69.72, browser --> www.maymark.nl/



maymark.nl: 2014-07-13 15:00:22 [initialization] application restarted
maymark.nl: 2014-07-13 15:00:22 [initialization] table users already exists
maymark.nl: 2014-07-13 15:00:22 [access] ip: 85.17.225.250, browser --> www.maymark.nl/
maymark.nl: 2014-07-13 15:00:23 [access] ip: 85.17.225.250, browser --> www.maymark.nl/
maymark.nl: 2014-07-13 15:00:24 [access] ip: 85.17.225.250, browser --> www.maymark.nl/
maymark.nl: 2014-07-13 15:00:25 [access] ip: 85.17.225.250, browser --> www.maymark.nl/contact.html
maymark.nl: 2014-07-13 15:00:25 [access] ip: 85.17.225.250, browser --> www.maymark.nl/specials.html
maymark.nl: 2014-07-13 15:00:26 [access] ip: 85.17.225.250, browser --> www.maymark.nl/prijslijst.html
maymark.nl: 2014-07-13 15:00:26 [access] ip: 85.17.225.250, browser --> www.maymark.nl/index.html



maymark.nl: 2014-07-14 04:04:15 [initialization] application restarted
maymark.nl: 2014-07-14 04:04:15 [initialization] table users already exists
maymark.nl: 2014-07-14 04:04:15 [access] ip: 213.136.74.60, browser --> www.maymark.nl/



maymark.nl: 2014-07-14 07:22:30 [initialization] application restarted
maymark.nl: 2014-07-14 07:22:30 [initialization] table users already exists
maymark.nl: 2014-07-14 07:22:31 [access] ip: 64.246.161.190, http://whois.domaintools.com/maymark.eu --> www.maymark.eu/



maymark.nl: 2014-07-14 08:20:18 [initialization] application restarted
maymark.nl: 2014-07-14 08:20:18 [initialization] table users already exists
maymark.nl: 2014-07-14 08:20:18 [access] ip: 64.246.161.42, http://whois.domaintools.com/maymark.nl --> www.maymark.nl/



maymark.nl: 2014-07-14 22:37:25 [initialization] application restarted
maymark.nl: 2014-07-14 22:37:25 [initialization] table users already exists
maymark.nl: 2014-07-14 22:38:11 [access] ip: 207.46.13.93, browser --> www.maymark.nl/contact.html



maymark.nl: 2014-07-15 13:49:03 [initialization] application restarted
maymark.nl: 2014-07-15 13:49:03 [initialization] table users already exists
maymark.nl: 2014-07-15 13:52:22 [access] ip: 213.136.74.60, browser --> www.maymark.nl/



maymark.nl: 2014-07-15 18:40:54 [initialization] application restarted
maymark.nl: 2014-07-15 18:40:54 [initialization] table users already exists
maymark.nl: 2014-07-15 18:40:55 [access] ip: 66.249.69.72, browser --> www.maymark.nl/
maymark.nl: 2014-07-15 19:07:59 [access] ip: 213.136.74.60, browser --> www.maymark.nl/prijslijst.html
maymark.nl: 2014-07-15 19:10:27 [access] ip: 213.136.74.60, browser --> www.maymark.nl/specials.html
maymark.nl: 2014-07-15 19:12:25 [access] ip: 213.136.74.60, browser --> www.maymark.nl/contact.html



maymark.nl: 2014-07-16 16:52:05 [initialization] application restarted
maymark.nl: 2014-07-16 16:52:05 [initialization] table users already exists



maymark.nl: 2014-07-16 18:44:47 [initialization] application restarted
maymark.nl: 2014-07-16 18:44:47 [initialization] table users already exists
maymark.nl: 2014-07-16 18:44:47 [access] ip: 157.55.39.62, browser --> www.maymark.nl/specials.html



maymark.nl: 2014-07-16 21:11:17 [initialization] application restarted
maymark.nl: 2014-07-16 21:11:17 [initialization] table users already exists
maymark.nl: 2014-07-16 21:11:17 [access] ip: 213.52.176.33, browser --> www.maymark.nl/
maymark.nl: 2014-07-16 21:11:22 [access] ip: 213.52.176.33, http://www.maymark.nl/ --> www.maymark.nl/contact.html
maymark.nl: 2014-07-16 21:59:10 [access] ip: 213.124.55.42, http://www.google.nl/url?sa=i&rct=j&q=&esrc=s&frm=1&source=images&cd=&docid=fN17B-In5c0BMM&tbnid=lqxT9oxR6YOhiM:&ved=0CAUQjRw&url=http%3A%2F%2Fwww.maymark.nl%2Fspecials.html&ei=jNnGU5umPOiq0QWY9oHIDw&bvm=bv.71126742,d.d2k&psig=AFQjCNHFNTb6daqB6oK1ccj9m-0Im2x_tA&ust=1405626949167678 --> www.maymark.nl/specials.html



maymark.nl: 2014-07-17 00:02:28 [initialization] application restarted
maymark.nl: 2014-07-17 00:02:28 [initialization] table users already exists
maymark.nl: 2014-07-17 00:02:28 [access] ip: 213.52.176.33, browser --> www.maymark.nl/contact.html



maymark.nl: 2014-07-18 20:14:11 [initialization] application restarted
maymark.nl: 2014-07-18 20:14:11 [initialization] table users already exists
maymark.nl: 2014-07-18 20:14:11 [access] ip: 66.249.78.63, browser --> www.maymark.nl/contact.html
maymark.nl: 2014-07-18 20:19:16 [access] ip: 66.249.78.63, browser --> www.maymark.nl/specials.html



maymark.nl: 2014-07-19 13:10:54 [initialization] application restarted
maymark.nl: 2014-07-19 13:10:54 [initialization] table users already exists



maymark.nl: 2014-07-19 14:47:21 [initialization] application restarted
maymark.nl: 2014-07-19 14:47:21 [initialization] table users already exists



maymark.nl: 2014-07-19 19:49:53 [initialization] application restarted
maymark.nl: 2014-07-19 19:49:53 [initialization] table users already exists
maymark.nl: 2014-07-19 19:49:54 [access] ip: 194.150.14.140, browser --> www.maymark.nl/



maymark.nl: 2014-07-20 12:36:28 [initialization] application restarted
maymark.nl: 2014-07-20 12:36:28 [initialization] table users already exists
maymark.nl: 2014-07-20 12:36:28 [access] ip: 66.249.69.72, browser --> www.maymark.nl/contact.html



maymark.nl: 2014-07-21 04:37:08 [initialization] application restarted
maymark.nl: 2014-07-21 04:37:08 [initialization] table users already exists
maymark.nl: 2014-07-21 04:37:08 [access] ip: 66.249.69.40, browser --> www.maymark.nl/



maymark.nl: 2014-07-21 15:28:07 [initialization] application restarted
maymark.nl: 2014-07-21 15:28:08 [initialization] table users already exists



maymark.nl: 2014-07-22 05:40:06 [initialization] application restarted
maymark.nl: 2014-07-22 05:40:06 [initialization] table users already exists
maymark.nl: 2014-07-22 05:40:06 [access] ip: 199.80.59.175, browser --> www.maymark.nl/



maymark.nl: 2014-07-22 16:14:37 [initialization] application restarted
maymark.nl: 2014-07-22 16:14:37 [initialization] table users already exists
maymark.nl: 2014-07-22 16:14:37 [access] ip: 192.114.71.13, browser --> www.maymark.nl/



maymark.nl: 2014-07-22 21:08:48 [initialization] application restarted
maymark.nl: 2014-07-22 21:08:48 [initialization] table users already exists



maymark.nl: 2014-07-23 08:08:42 [initialization] application restarted
maymark.nl: 2014-07-23 08:08:42 [initialization] table users already exists



maymark.nl: 2014-07-23 20:14:22 [initialization] application restarted
maymark.nl: 2014-07-23 20:14:22 [initialization] table users already exists
maymark.nl: 2014-07-23 20:14:22 [access] ip: 62.207.254.158, browser --> www.maymark.nl/
maymark.nl: 2014-07-23 20:14:26 [access] ip: 62.207.254.158, http://www.maymark.nl/ --> www.maymark.nl/contact.html
maymark.nl: 2014-07-23 20:14:27 [access] ip: 62.207.254.158, http://www.maymark.nl/contact.html --> www.maymark.nl/specials.html



maymark.nl: 2014-07-24 04:32:21 [initialization] application restarted
maymark.nl: 2014-07-24 04:32:21 [initialization] table users already exists
maymark.nl: 2014-07-24 04:37:07 [access] ip: 207.46.13.35, browser --> www.maymark.nl/prijslijst.html



maymark.nl: 2014-07-24 08:11:34 [initialization] application restarted
maymark.nl: 2014-07-24 08:11:34 [initialization] table users already exists
maymark.nl: 2014-07-24 08:21:05 [access] ip: 207.46.13.35, browser --> www.maymark.nl/
maymark.nl: 2014-07-24 09:31:41 [access] ip: 66.249.67.141, browser --> www.maymark.nl/
maymark.nl: 2014-07-24 10:40:20 [access] ip: 66.249.67.24, browser --> www.maymark.nl/prijslijst.html



maymark.nl: 2014-07-24 12:02:22 [initialization] application restarted
maymark.nl: 2014-07-24 12:02:22 [initialization] table users already exists
maymark.nl: 2014-07-24 12:02:22 [access] ip: 66.249.67.141, browser --> www.maymark.nl/specials.html



maymark.nl: 2014-07-24 13:35:08 [initialization] application restarted
maymark.nl: 2014-07-24 13:35:08 [initialization] table users already exists
maymark.nl: 2014-07-24 13:35:08 [access] ip: 66.249.67.141, browser --> www.maymark.nl/contact.html



maymark.nl: 2014-07-24 22:50:41 [initialization] application restarted
maymark.nl: 2014-07-24 22:50:42 [initialization] table users already exists
maymark.nl: 2014-07-24 22:50:42 [access] ip: 66.249.67.141, browser --> www.maymark.nl/prijslijst.html



maymark.nl: 2014-07-25 01:22:20 [initialization] application restarted
maymark.nl: 2014-07-25 01:22:20 [initialization] table users already exists
maymark.nl: 2014-07-25 01:22:20 [access] ip: 66.249.67.9, browser --> www.maymark.nl/specials.html



maymark.nl: 2014-07-25 02:30:13 [initialization] application restarted
maymark.nl: 2014-07-25 02:30:13 [initialization] table users already exists
maymark.nl: 2014-07-25 02:30:13 [access] ip: 66.249.67.24, browser --> www.maymark.nl/contact.html



maymark.nl: 2014-07-25 06:35:34 [initialization] application restarted
maymark.nl: 2014-07-25 06:35:34 [initialization] table users already exists
maymark.nl: 2014-07-25 06:35:34 [access] ip: 66.249.67.9, browser --> www.maymark.nl/
maymark.nl: 2014-07-25 08:29:17 [access] ip: 66.249.67.141, browser --> www.maymark.nl/prijslijst.html



maymark.nl: 2014-07-25 10:02:55 [initialization] application restarted
maymark.nl: 2014-07-25 10:02:55 [initialization] table users already exists
maymark.nl: 2014-07-25 10:02:55 [access] ip: 66.249.67.141, browser --> www.maymark.nl/specials.html



maymark.nl: 2014-07-26 05:49:21 [initialization] application restarted
maymark.nl: 2014-07-26 05:49:21 [initialization] table users already exists
maymark.nl: 2014-07-26 05:49:22 [access] ip: 64.246.165.200, http://whois.domaintools.com/maymark.nl --> www.maymark.nl/



maymark.nl: 2014-07-26 06:12:17 [initialization] application restarted
maymark.nl: 2014-07-26 06:12:17 [initialization] table users already exists
maymark.nl: 2014-07-26 06:12:17 [access] ip: 64.246.165.190, http://whois.domaintools.com/maymark.eu --> www.maymark.eu/



maymark.nl: 2014-07-26 12:15:52 [initialization] application restarted
maymark.nl: 2014-07-26 12:15:52 [initialization] table users already exists
maymark.nl: 2014-07-26 12:15:52 [access] ip: 66.249.67.9, browser --> www.maymark.nl/specials.html
maymark.nl: 2014-07-26 13:27:31 [access] ip: 62.207.254.158, browser --> www.maymark.nl/
maymark.nl: 2014-07-26 13:57:48 [access] ip: 66.249.67.9, browser --> www.maymark.nl/prijslijst.html



maymark.nl: 2014-07-26 15:32:03 [initialization] application restarted
maymark.nl: 2014-07-26 15:32:03 [initialization] table users already exists
maymark.nl: 2014-07-26 15:32:03 [access] ip: 66.249.67.141, browser --> www.maymark.nl/contact.html



maymark.nl: 2014-07-26 16:26:53 [initialization] application restarted
maymark.nl: 2014-07-26 16:26:53 [initialization] table users already exists
maymark.nl: 2014-07-26 16:26:53 [access] ip: 66.249.67.141, browser --> www.maymark.nl/
maymark.nl: 2014-07-26 17:59:00 [access] ip: 66.249.67.24, browser --> www.maymark.nl/specials.html



maymark.nl: 2014-07-27 09:51:57 [initialization] application restarted
maymark.nl: 2014-07-27 09:51:57 [initialization] table users already exists
maymark.nl: 2014-07-27 09:51:57 [access] ip: 62.12.1.39, browser --> www.maymark.nl/



maymark.nl: 2014-07-27 10:55:47 [initialization] application restarted
maymark.nl: 2014-07-27 10:55:47 [initialization] table users already exists
maymark.nl: 2014-07-27 10:55:47 [access] ip: 66.249.67.24, browser --> www.maymark.nl/prijslijst.html



maymark.nl: 2014-07-27 11:41:35 [initialization] application restarted
maymark.nl: 2014-07-27 11:41:35 [initialization] table users already exists
maymark.nl: 2014-07-27 11:41:35 [access] ip: 66.249.67.24, browser --> www.maymark.nl/contact.html



maymark.nl: 2014-07-27 12:38:27 [initialization] application restarted
maymark.nl: 2014-07-27 12:38:27 [initialization] table users already exists
maymark.nl: 2014-07-27 12:38:28 [access] ip: 66.249.67.9, browser --> www.maymark.nl/



maymark.nl: 2014-07-27 13:48:42 [initialization] application restarted
maymark.nl: 2014-07-27 13:48:42 [initialization] table users already exists
maymark.nl: 2014-07-27 13:48:42 [access] ip: 66.249.67.24, browser --> www.maymark.nl/specials.html



maymark.nl: 2014-07-27 17:56:00 [initialization] application restarted
maymark.nl: 2014-07-27 17:56:00 [initialization] table users already exists
maymark.nl: 2014-07-27 17:56:00 [access] ip: 66.249.67.141, browser --> www.maymark.nl/specials.html
maymark.nl: 2014-07-27 18:13:47 [access] ip: 66.249.67.141, browser --> www.maymark.nl/prijslijst.html



maymark.nl: 2014-07-27 19:40:09 [initialization] application restarted
maymark.nl: 2014-07-27 19:40:09 [initialization] table users already exists
maymark.nl: 2014-07-27 19:40:09 [access] ip: 62.207.254.158, browser --> www.maymark.nl/



maymark.nl: 2014-07-28 02:50:11 [initialization] application restarted
maymark.nl: 2014-07-28 02:50:11 [initialization] table users already exists
maymark.nl: 2014-07-28 02:50:11 [access] ip: 66.249.67.9, browser --> www.maymark.nl/specials.html



maymark.nl: 2014-07-28 14:27:42 [initialization] application restarted
maymark.nl: 2014-07-28 14:27:42 [initialization] table users already exists
maymark.nl: 2014-07-28 14:27:43 [access] ip: 66.249.78.56, browser --> www.maymark.nl/specials.html
maymark.nl: 2014-07-28 15:39:04 [access] ip: 66.249.78.56, browser --> www.maymark.nl/prijslijst.html
maymark.nl: 2014-07-28 15:56:30 [access] ip: 37.203.224.252, browser --> www.maymark.nl/
